<?xml version="1.0" encoding="UTF-8"?>
<coverage generated="1709113445257" clover="3.2.0">
  <project timestamp="1709113445257" name="All files">
    <metrics statements="10" coveredstatements="5" conditionals="2" coveredconditionals="0" methods="4" coveredmethods="3" elements="16" coveredelements="8" complexity="0" loc="10" ncloc="10" packages="1" files="1" classes="1"/>
    <file name="module.js" path="C:\Users\Asus\Desktop\IntellectFox\Div\if-js\src\js\module.js">
      <metrics statements="10" coveredstatements="5" conditionals="2" coveredconditionals="0" methods="4" coveredmethods="3"/>
      <line num="5" count="1" type="stmt"/>
      <line num="7" count="1" type="stmt"/>
      <line num="8" count="1" type="stmt"/>
      <line num="17" count="1" type="stmt"/>
      <line num="19" count="1" type="stmt"/>
      <line num="20" count="0" type="stmt"/>
      <line num="21" count="0" type="stmt"/>
      <line num="23" count="0" type="cond" truecount="0" falsecount="2"/>
      <line num="24" count="0" type="stmt"/>
      <line num="27" count="0" type="stmt"/>
    </file>
  </project>
</coverage>
