<?xml version="1.0" encoding="UTF-8"?>
<coverage generated="1709894397874" clover="3.2.0">
  <project timestamp="1709894397874" name="All files">
    <metrics statements="19" coveredstatements="12" conditionals="7" coveredconditionals="5" methods="5" coveredmethods="3" elements="31" coveredelements="20" complexity="0" loc="19" ncloc="19" packages="1" files="1" classes="1"/>
    <file name="module.js" path="C:\Users\Asus\Desktop\IntellectFox\Div\if-js\src\js\module.js">
      <metrics statements="19" coveredstatements="12" conditionals="7" coveredconditionals="5" methods="5" coveredmethods="3"/>
      <line num="4" count="1" type="stmt"/>
      <line num="6" count="1" type="stmt"/>
      <line num="7" count="1" type="stmt"/>
      <line num="16" count="0" type="stmt"/>
      <line num="18" count="0" type="stmt"/>
      <line num="19" count="0" type="stmt"/>
      <line num="20" count="0" type="stmt"/>
      <line num="22" count="0" type="cond" truecount="0" falsecount="2"/>
      <line num="23" count="0" type="stmt"/>
      <line num="26" count="0" type="stmt"/>
      <line num="32" count="1" type="stmt"/>
      <line num="76" count="1" type="stmt"/>
      <line num="78" count="1" type="stmt"/>
      <line num="79" count="8" type="stmt"/>
      <line num="81" count="8" type="cond" truecount="3" falsecount="0"/>
      <line num="85" count="8" type="cond" truecount="2" falsecount="0"/>
      <line num="86" count="1" type="stmt"/>
      <line num="87" count="1" type="stmt"/>
      <line num="90" count="1" type="stmt"/>
    </file>
  </project>
</coverage>
