{"C:\\Users\\Asus\\Desktop\\IntellectFox\\Div\\if-js\\src\\js\\module.js": {"path":"C:\\Users\\Asus\\Desktop\\IntellectFox\\Div\\if-js\\src\\js\\module.js","statementMap":{"0":{"start":{"line":5,"column":12},"end":{"line":5,"column":13}},"1":{"start":{"line":7,"column":2},"end":{"line":9,"column":4}},"2":{"start":{"line":8,"column":4},"end":{"line":8,"column":22}},"3":{"start":{"line":17,"column":21},"end":{"line":17,"column":22}},"4":{"start":{"line":19,"column":2},"end":{"line":28,"column":4}},"5":{"start":{"line":20,"column":4},"end":{"line":20,"column":44}},"6":{"start":{"line":21,"column":4},"end":{"line":21,"column":19}},"7":{"start":{"line":23,"column":4},"end":{"line":25,"column":5}},"8":{"start":{"line":24,"column":6},"end":{"line":24,"column":23}},"9":{"start":{"line":27,"column":4},"end":{"line":27,"column":24}},"10":{"start":{"line":33,"column":13},"end":{"line":74,"column":1}},"11":{"start":{"line":77,"column":14},"end":{"line":77,"column":16}},"12":{"start":{"line":79,"column":2},"end":{"line":90,"column":3}},"13":{"start":{"line":79,"column":15},"end":{"line":79,"column":16}},"14":{"start":{"line":80,"column":17},"end":{"line":80,"column":19}},"15":{"start":{"line":82,"column":6},"end":{"line":84,"column":33}},"16":{"start":{"line":86,"column":4},"end":{"line":89,"column":5}},"17":{"start":{"line":87,"column":6},"end":{"line":87,"column":72}},"18":{"start":{"line":88,"column":6},"end":{"line":88,"column":23}},"19":{"start":{"line":91,"column":2},"end":{"line":91,"column":13}},"20":{"start":{"line":96,"column":17},"end":{"line":96,"column":108}},"21":{"start":{"line":96,"column":36},"end":{"line":96,"column":107}},"22":{"start":{"line":97,"column":18},"end":{"line":97,"column":20}},"23":{"start":{"line":98,"column":2},"end":{"line":98,"column":76}},"24":{"start":{"line":98,"column":22},"end":{"line":98,"column":74}},"25":{"start":{"line":99,"column":2},"end":{"line":99,"column":19}},"26":{"start":{"line":103,"column":16},"end":{"line":103,"column":18}},"27":{"start":{"line":105,"column":24},"end":{"line":112,"column":11}},"28":{"start":{"line":106,"column":4},"end":{"line":109,"column":5}},"29":{"start":{"line":107,"column":6},"end":{"line":107,"column":42}},"30":{"start":{"line":108,"column":6},"end":{"line":108,"column":19}},"31":{"start":{"line":110,"column":5},"end":{"line":110,"column":39}},"32":{"start":{"line":111,"column":5},"end":{"line":111,"column":18}},"33":{"start":{"line":114,"column":2},"end":{"line":114,"column":23}},"34":{"start":{"line":119,"column":18},"end":{"line":119,"column":20}},"35":{"start":{"line":120,"column":17},"end":{"line":120,"column":19}},"36":{"start":{"line":121,"column":23},"end":{"line":121,"column":34}},"37":{"start":{"line":122,"column":21},"end":{"line":122,"column":30}},"38":{"start":{"line":124,"column":21},"end":{"line":124,"column":54}},"39":{"start":{"line":126,"column":4},"end":{"line":160,"column":5}},"40":{"start":{"line":126,"column":16},"end":{"line":126,"column":17}},"41":{"start":{"line":128,"column":28},"end":{"line":128,"column":29}},"42":{"start":{"line":129,"column":8},"end":{"line":158,"column":9}},"43":{"start":{"line":130,"column":33},"end":{"line":130,"column":44}},"44":{"start":{"line":132,"column":12},"end":{"line":143,"column":13}},"45":{"start":{"line":132,"column":24},"end":{"line":132,"column":36}},"46":{"start":{"line":134,"column":16},"end":{"line":140,"column":17}},"47":{"start":{"line":135,"column":20},"end":{"line":135,"column":45}},"48":{"start":{"line":136,"column":20},"end":{"line":136,"column":37}},"49":{"start":{"line":138,"column":20},"end":{"line":138,"column":43}},"50":{"start":{"line":139,"column":20},"end":{"line":139,"column":35}},"51":{"start":{"line":142,"column":16},"end":{"line":142,"column":41}},"52":{"start":{"line":144,"column":12},"end":{"line":144,"column":33}},"53":{"start":{"line":146,"column":16},"end":{"line":158,"column":9}},"54":{"start":{"line":147,"column":12},"end":{"line":156,"column":13}},"55":{"start":{"line":147,"column":24},"end":{"line":147,"column":25}},"56":{"start":{"line":149,"column":16},"end":{"line":155,"column":17}},"57":{"start":{"line":150,"column":20},"end":{"line":150,"column":44}},"58":{"start":{"line":151,"column":20},"end":{"line":151,"column":36}},"59":{"start":{"line":153,"column":20},"end":{"line":153,"column":41}},"60":{"start":{"line":154,"column":20},"end":{"line":154,"column":33}},"61":{"start":{"line":157,"column":12},"end":{"line":157,"column":33}},"62":{"start":{"line":161,"column":4},"end":{"line":161,"column":17}}},"fnMap":{"0":{"name":"sum","decl":{"start":{"line":4,"column":16},"end":{"line":4,"column":19}},"loc":{"start":{"line":4,"column":23},"end":{"line":10,"column":1}},"line":4},"1":{"name":"(anonymous_1)","decl":{"start":{"line":7,"column":9},"end":{"line":7,"column":10}},"loc":{"start":{"line":7,"column":22},"end":{"line":9,"column":3}},"line":7},"2":{"name":"getColor","decl":{"start":{"line":16,"column":16},"end":{"line":16,"column":24}},"loc":{"start":{"line":16,"column":33},"end":{"line":29,"column":1}},"line":16},"3":{"name":"(anonymous_3)","decl":{"start":{"line":19,"column":9},"end":{"line":19,"column":10}},"loc":{"start":{"line":19,"column":21},"end":{"line":28,"column":3}},"line":19},"4":{"name":"findStr","decl":{"start":{"line":76,"column":16},"end":{"line":76,"column":23}},"loc":{"start":{"line":76,"column":29},"end":{"line":92,"column":1}},"line":76},"5":{"name":"getString","decl":{"start":{"line":95,"column":16},"end":{"line":95,"column":25}},"loc":{"start":{"line":95,"column":31},"end":{"line":100,"column":1}},"line":95},"6":{"name":"(anonymous_6)","decl":{"start":{"line":96,"column":31},"end":{"line":96,"column":32}},"loc":{"start":{"line":96,"column":36},"end":{"line":96,"column":107}},"line":96},"7":{"name":"(anonymous_7)","decl":{"start":{"line":98,"column":17},"end":{"line":98,"column":18}},"loc":{"start":{"line":98,"column":22},"end":{"line":98,"column":74}},"line":98},"8":{"name":"getCountry","decl":{"start":{"line":102,"column":16},"end":{"line":102,"column":26}},"loc":{"start":{"line":102,"column":32},"end":{"line":115,"column":1}},"line":102},"9":{"name":"(anonymous_9)","decl":{"start":{"line":105,"column":35},"end":{"line":105,"column":36}},"loc":{"start":{"line":105,"column":52},"end":{"line":112,"column":3}},"line":105},"10":{"name":"getCalendarMonth","decl":{"start":{"line":117,"column":16},"end":{"line":117,"column":32}},"loc":{"start":{"line":117,"column":69},"end":{"line":162,"column":1}},"line":117}},"branchMap":{"0":{"loc":{"start":{"line":23,"column":4},"end":{"line":25,"column":5}},"type":"if","locations":[{"start":{"line":23,"column":4},"end":{"line":25,"column":5}},{"start":{},"end":{}}],"line":23},"1":{"loc":{"start":{"line":82,"column":6},"end":{"line":84,"column":33}},"type":"binary-expr","locations":[{"start":{"line":82,"column":6},"end":{"line":82,"column":35}},{"start":{"line":83,"column":6},"end":{"line":83,"column":32}},{"start":{"line":84,"column":6},"end":{"line":84,"column":33}}],"line":82},"2":{"loc":{"start":{"line":86,"column":4},"end":{"line":89,"column":5}},"type":"if","locations":[{"start":{"line":86,"column":4},"end":{"line":89,"column":5}},{"start":{},"end":{}}],"line":86},"3":{"loc":{"start":{"line":96,"column":36},"end":{"line":96,"column":107}},"type":"binary-expr","locations":[{"start":{"line":96,"column":36},"end":{"line":96,"column":56}},{"start":{"line":96,"column":60},"end":{"line":96,"column":80}},{"start":{"line":96,"column":84},"end":{"line":96,"column":107}}],"line":96},"4":{"loc":{"start":{"line":106,"column":4},"end":{"line":109,"column":5}},"type":"if","locations":[{"start":{"line":106,"column":4},"end":{"line":109,"column":5}},{"start":{},"end":{}}],"line":106},"5":{"loc":{"start":{"line":129,"column":8},"end":{"line":158,"column":9}},"type":"if","locations":[{"start":{"line":129,"column":8},"end":{"line":158,"column":9}},{"start":{"line":146,"column":16},"end":{"line":158,"column":9}}],"line":129},"6":{"loc":{"start":{"line":129,"column":11},"end":{"line":129,"column":45}},"type":"binary-expr","locations":[{"start":{"line":129,"column":11},"end":{"line":129,"column":26}},{"start":{"line":129,"column":30},"end":{"line":129,"column":45}}],"line":129},"7":{"loc":{"start":{"line":134,"column":16},"end":{"line":140,"column":17}},"type":"if","locations":[{"start":{"line":134,"column":16},"end":{"line":140,"column":17}},{"start":{"line":137,"column":23},"end":{"line":140,"column":17}}],"line":134},"8":{"loc":{"start":{"line":146,"column":16},"end":{"line":158,"column":9}},"type":"if","locations":[{"start":{"line":146,"column":16},"end":{"line":158,"column":9}},{"start":{},"end":{}}],"line":146},"9":{"loc":{"start":{"line":149,"column":16},"end":{"line":155,"column":17}},"type":"if","locations":[{"start":{"line":149,"column":16},"end":{"line":155,"column":17}},{"start":{"line":152,"column":23},"end":{"line":155,"column":17}}],"line":149}},"s":{"0":1,"1":1,"2":1,"3":1,"4":1,"5":1,"6":1,"7":1,"8":0,"9":1,"10":1,"11":1,"12":1,"13":1,"14":8,"15":8,"16":8,"17":1,"18":1,"19":1,"20":1,"21":31,"22":1,"23":1,"24":1,"25":1,"26":0,"27":0,"28":0,"29":0,"30":0,"31":0,"32":0,"33":0,"34":1,"35":1,"36":1,"37":1,"38":1,"39":1,"40":1,"41":5,"42":5,"43":1,"44":1,"45":1,"46":7,"47":5,"48":5,"49":2,"50":2,"51":7,"52":1,"53":4,"54":4,"55":4,"56":28,"57":0,"58":0,"59":28,"60":28,"61":4,"62":1},"f":{"0":1,"1":1,"2":1,"3":1,"4":1,"5":1,"6":31,"7":1,"8":0,"9":0,"10":1},"b":{"0":[0,1],"1":[8,7,7],"2":[1,7],"3":[31,30,30],"4":[0,0],"5":[1,4],"6":[5,5],"7":[5,2],"8":[4,0],"9":[0,28]},"_coverageSchema":"1a1c01bbd47fc00a2c39e90264f33305004495a9","hash":"ada5f8664edce9739c6e63b899218aa2972c0a60"}
,"C:\\Users\\Asus\\Desktop\\IntellectFox\\Div\\if-js\\src\\js\\constants\\hotels.js": {"path":"C:\\Users\\Asus\\Desktop\\IntellectFox\\Div\\if-js\\src\\js\\constants\\hotels.js","statementMap":{"0":{"start":{"line":1,"column":22},"end":{"line":157,"column":1}}},"fnMap":{},"branchMap":{},"s":{"0":1},"f":{},"b":{},"_coverageSchema":"1a1c01bbd47fc00a2c39e90264f33305004495a9","hash":"c5f766f4e8f34f0e71af6d61ea62495f0e47c49a"}
}
