{
  "C:\\Users\\Asus\\Desktop\\IntellectFox\\Div\\if-js\\src\\js\\module.js": {
    "path": "C:\\Users\\Asus\\Desktop\\IntellectFox\\Div\\if-js\\src\\js\\module.js",
    "statementMap": {
      "0": {
        "start": { "line": 4, "column": 12 },
        "end": { "line": 4, "column": 13 }
      },
      "1": {
        "start": { "line": 6, "column": 2 },
        "end": { "line": 8, "column": 4 }
      },
      "2": {
        "start": { "line": 7, "column": 4 },
        "end": { "line": 7, "column": 22 }
      },
      "3": {
        "start": { "line": 16, "column": 21 },
        "end": { "line": 16, "column": 22 }
      },
      "4": {
        "start": { "line": 18, "column": 2 },
        "end": { "line": 27, "column": 4 }
      },
      "5": {
        "start": { "line": 19, "column": 4 },
        "end": { "line": 19, "column": 44 }
      },
      "6": {
        "start": { "line": 20, "column": 4 },
        "end": { "line": 20, "column": 19 }
      },
      "7": {
        "start": { "line": 22, "column": 4 },
        "end": { "line": 24, "column": 5 }
      },
      "8": {
        "start": { "line": 23, "column": 6 },
        "end": { "line": 23, "column": 23 }
      },
      "9": {
        "start": { "line": 26, "column": 4 },
        "end": { "line": 26, "column": 24 }
      },
      "10": {
        "start": { "line": 32, "column": 13 },
        "end": { "line": 73, "column": 1 }
      },
      "11": {
        "start": { "line": 76, "column": 14 },
        "end": { "line": 76, "column": 16 }
      },
      "12": {
        "start": { "line": 78, "column": 2 },
        "end": { "line": 89, "column": 3 }
      },
      "13": {
        "start": { "line": 78, "column": 15 },
        "end": { "line": 78, "column": 16 }
      },
      "14": {
        "start": { "line": 79, "column": 17 },
        "end": { "line": 79, "column": 19 }
      },
      "15": {
        "start": { "line": 81, "column": 6 },
        "end": { "line": 83, "column": 33 }
      },
      "16": {
        "start": { "line": 85, "column": 4 },
        "end": { "line": 88, "column": 5 }
      },
      "17": {
        "start": { "line": 86, "column": 6 },
        "end": { "line": 86, "column": 72 }
      },
      "18": {
        "start": { "line": 87, "column": 6 },
        "end": { "line": 87, "column": 23 }
      },
      "19": {
        "start": { "line": 90, "column": 2 },
        "end": { "line": 90, "column": 13 }
      }
    },
    "fnMap": {
      "0": {
        "name": "sum",
        "decl": {
          "start": { "line": 3, "column": 16 },
          "end": { "line": 3, "column": 19 }
        },
        "loc": {
          "start": { "line": 3, "column": 23 },
          "end": { "line": 9, "column": 1 }
        },
        "line": 3
      },
      "1": {
        "name": "(anonymous_1)",
        "decl": {
          "start": { "line": 6, "column": 9 },
          "end": { "line": 6, "column": 10 }
        },
        "loc": {
          "start": { "line": 6, "column": 22 },
          "end": { "line": 8, "column": 3 }
        },
        "line": 6
      },
      "2": {
        "name": "getColor",
        "decl": {
          "start": { "line": 15, "column": 16 },
          "end": { "line": 15, "column": 24 }
        },
        "loc": {
          "start": { "line": 15, "column": 33 },
          "end": { "line": 28, "column": 1 }
        },
        "line": 15
      },
      "3": {
        "name": "(anonymous_3)",
        "decl": {
          "start": { "line": 18, "column": 9 },
          "end": { "line": 18, "column": 10 }
        },
        "loc": {
          "start": { "line": 18, "column": 21 },
          "end": { "line": 27, "column": 3 }
        },
        "line": 18
      },
      "4": {
        "name": "findStr",
        "decl": {
          "start": { "line": 75, "column": 16 },
          "end": { "line": 75, "column": 23 }
        },
        "loc": {
          "start": { "line": 75, "column": 29 },
          "end": { "line": 91, "column": 1 }
        },
        "line": 75
      }
    },
    "branchMap": {
      "0": {
        "loc": {
          "start": { "line": 22, "column": 4 },
          "end": { "line": 24, "column": 5 }
        },
        "type": "if",
        "locations": [
          {
            "start": { "line": 22, "column": 4 },
            "end": { "line": 24, "column": 5 }
          },
          { "start": {}, "end": {} }
        ],
        "line": 22
      },
      "1": {
        "loc": {
          "start": { "line": 81, "column": 6 },
          "end": { "line": 83, "column": 33 }
        },
        "type": "binary-expr",
        "locations": [
          {
            "start": { "line": 81, "column": 6 },
            "end": { "line": 81, "column": 35 }
          },
          {
            "start": { "line": 82, "column": 6 },
            "end": { "line": 82, "column": 32 }
          },
          {
            "start": { "line": 83, "column": 6 },
            "end": { "line": 83, "column": 33 }
          }
        ],
        "line": 81
      },
      "2": {
        "loc": {
          "start": { "line": 85, "column": 4 },
          "end": { "line": 88, "column": 5 }
        },
        "type": "if",
        "locations": [
          {
            "start": { "line": 85, "column": 4 },
            "end": { "line": 88, "column": 5 }
          },
          { "start": {}, "end": {} }
        ],
        "line": 85
      }
    },
    "s": {
      "0": 1,
      "1": 1,
      "2": 1,
      "3": 0,
      "4": 0,
      "5": 0,
      "6": 0,
      "7": 0,
      "8": 0,
      "9": 0,
      "10": 1,
      "11": 1,
      "12": 1,
      "13": 1,
      "14": 8,
      "15": 8,
      "16": 8,
      "17": 1,
      "18": 1,
      "19": 1
    },
    "f": { "0": 1, "1": 1, "2": 0, "3": 0, "4": 1 },
    "b": { "0": [0, 0], "1": [8, 7, 7], "2": [1, 7] },
    "_coverageSchema": "1a1c01bbd47fc00a2c39e90264f33305004495a9",
    "hash": "e255b46b3b8c4456357afde0e727894332cb762d"
  }
}
