TN:
SF:src\js\module.js
FN:4,sum
FN:7,(anonymous_1)
FN:16,getColor
FN:19,(anonymous_3)
FN:76,findStr
FN:95,getString
FN:96,(anonymous_6)
FN:98,(anonymous_7)
FN:102,getCountry
FN:105,(anonymous_9)
FN:117,getCalendarMonth
FNF:11
FNH:9
FNDA:1,sum
FNDA:1,(anonymous_1)
FNDA:1,getColor
FNDA:1,(anonymous_3)
FNDA:1,findStr
FNDA:1,getString
FNDA:31,(anonymous_6)
FNDA:1,(anonymous_7)
FNDA:0,getCountry
FNDA:0,(anonymous_9)
FNDA:1,getCalendarMonth
DA:5,1
DA:7,1
DA:8,1
DA:17,1
DA:19,1
DA:20,1
DA:21,1
DA:23,1
DA:24,0
DA:27,1
DA:33,1
DA:77,1
DA:79,1
DA:80,8
DA:82,8
DA:86,8
DA:87,1
DA:88,1
DA:91,1
DA:96,31
DA:97,1
DA:98,1
DA:99,1
DA:103,0
DA:105,0
DA:106,0
DA:107,0
DA:108,0
DA:110,0
DA:111,0
DA:114,0
DA:119,1
DA:120,1
DA:121,1
DA:122,1
DA:124,1
DA:126,1
DA:128,5
DA:129,5
DA:130,1
DA:132,1
DA:134,7
DA:135,5
DA:136,5
DA:138,2
DA:139,2
DA:142,7
DA:144,1
DA:146,4
DA:147,4
DA:149,28
DA:150,0
DA:151,0
DA:153,28
DA:154,28
DA:157,4
DA:161,1
LF:57
LH:46
BRDA:23,0,0,0
BRDA:23,0,1,1
BRDA:82,1,0,8
BRDA:82,1,1,7
BRDA:82,1,2,7
BRDA:86,2,0,1
BRDA:86,2,1,7
BRDA:96,3,0,31
BRDA:96,3,1,30
BRDA:96,3,2,30
BRDA:106,4,0,0
BRDA:106,4,1,0
BRDA:129,5,0,1
BRDA:129,5,1,4
BRDA:129,6,0,5
BRDA:129,6,1,5
BRDA:134,7,0,5
BRDA:134,7,1,2
BRDA:146,8,0,4
BRDA:146,8,1,0
BRDA:149,9,0,0
BRDA:149,9,1,28
BRF:22
BRH:17
end_of_record
TN:
SF:src\js\constants\hotels.js
FNF:0
FNH:0
DA:1,1
LF:1
LH:1
BRF:0
BRH:0
end_of_record
