TN:
SF:src\js\module.js
FN:5,sum
FN:8,(anonymous_1)
FN:17,getColor
FN:20,(anonymous_3)
FN:77,findStr
FN:96,getString
FN:98,(anonymous_6)
FN:102,(anonymous_7)
FN:106,getCountry
FN:109,(anonymous_9)
FN:121,getCalendarMonth
FN:193,deepEqual
FN:199,(anonymous_12)
FNF:13
FNH:9
FNDA:1,sum
FNDA:1,(anonymous_1)
FNDA:1,getColor
FNDA:1,(anonymous_3)
FNDA:1,findStr
FNDA:1,getString
FNDA:31,(anonymous_6)
FNDA:1,(anonymous_7)
FNDA:0,getCountry
FNDA:0,(anonymous_9)
FNDA:1,getCalendarMonth
FNDA:0,deepEqual
FNDA:0,(anonymous_12)
DA:6,1
DA:8,1
DA:9,1
DA:18,1
DA:20,1
DA:21,1
DA:22,1
DA:24,1
DA:25,0
DA:28,1
DA:34,1
DA:78,1
DA:80,1
DA:81,8
DA:83,8
DA:87,8
DA:88,1
DA:89,1
DA:92,1
DA:97,1
DA:99,31
DA:101,1
DA:102,1
DA:103,1
DA:107,0
DA:109,0
DA:110,0
DA:111,0
DA:112,0
DA:114,0
DA:115,0
DA:118,0
DA:128,1
DA:129,0
DA:132,1
DA:133,1
DA:134,1
DA:135,1
DA:136,1
DA:137,1
DA:139,1
DA:141,1
DA:142,5
DA:143,5
DA:144,1
DA:146,1
DA:147,7
DA:148,5
DA:153,5
DA:155,2
DA:160,2
DA:163,7
DA:165,1
DA:166,4
DA:167,4
DA:168,28
DA:169,0
DA:174,0
DA:176,28
DA:181,28
DA:184,4
DA:187,1
DA:194,0
DA:195,0
DA:197,0
DA:199,0
DA:201,0
DA:203,0
DA:204,0
DA:205,0
DA:207,0
DA:208,0
DA:211,0
LF:73
LH:50
BRDA:24,0,0,0
BRDA:24,0,1,1
BRDA:83,1,0,8
BRDA:83,1,1,7
BRDA:83,1,2,7
BRDA:87,2,0,1
BRDA:87,2,1,7
BRDA:99,3,0,31
BRDA:99,3,1,30
BRDA:99,3,2,30
BRDA:110,4,0,0
BRDA:110,4,1,0
BRDA:128,5,0,0
BRDA:128,5,1,1
BRDA:143,6,0,1
BRDA:143,6,1,4
BRDA:143,7,0,5
BRDA:143,7,1,5
BRDA:147,8,0,5
BRDA:147,8,1,2
BRDA:166,9,0,4
BRDA:166,9,1,0
BRDA:168,10,0,0
BRDA:168,10,1,28
BRDA:197,11,0,0
BRDA:197,11,1,0
BRDA:201,12,0,0
BRDA:201,12,1,0
BRDA:207,13,0,0
BRDA:207,13,1,0
BRDA:207,14,0,0
BRDA:207,14,1,0
BRDA:208,15,0,0
BRDA:208,15,1,0
BRF:34
BRH:18
end_of_record
TN:
SF:src\js\constants\hotels.js
FNF:0
FNH:0
DA:1,1
LF:1
LH:1
BRF:0
BRH:0
end_of_record
TN:
SF:src\js\constants\obj.js
FNF:0
FNH:0
DA:1,1
DA:11,1
DA:21,1
DA:31,1
LF:4
LH:4
BRF:0
BRH:0
end_of_record
